Using pre-set license

 COMMAND LINE ARGUMENTS:
/Applications/Unity/Unity.app/Contents/MacOS/Unity
-adb2
-batchMode
-noUpm
-name
AssetImportWorker0
-projectPath
/Volumes/Projects/UnityProjects/JesterGameProto/JesterGameProto/JesterGameProto
-logFile
Logs/AssetImportWorker0.log
-srvPort
51054
Successfully changed project path to: /Volumes/Projects/UnityProjects/JesterGameProto/JesterGameProto/JesterGameProto
/Volumes/Projects/UnityProjects/JesterGameProto/JesterGameProto/JesterGameProto
Using Asset Import Pipeline V2.
Refreshing native plugins compatible for Editor in 54.31 ms, found 3 plugins.
Preloading 0 native plugins for Editor in 0.00 ms.
Initialize engine version: 2020.3.16f1 (049d6eca3c44)
[Subsystems] Discovering subsystems at path /Applications/Unity/Unity.app/Contents/Resources/UnitySubsystems
[Subsystems] Discovering subsystems at path /Volumes/Projects/UnityProjects/JesterGameProto/JesterGameProto/JesterGameProto/Assets
GfxDevice: creating device client; threaded=0
2021-12-11 09:41:17.090 Unity[66249:3666869] Color LCD preferred device: Intel(R) Iris(TM) Plus Graphics 655 (low power)
2021-12-11 09:41:17.090 Unity[66249:3666869] Metal devices available: 1
2021-12-11 09:41:17.090 Unity[66249:3666869] 0: Intel(R) Iris(TM) Plus Graphics 655 (low power)
2021-12-11 09:41:17.091 Unity[66249:3666869] Using device Intel(R) Iris(TM) Plus Graphics 655 (low power)
Initializing Metal device caps: Intel(R) Iris(TM) Plus Graphics 655
Initialize mono
Mono path[0] = '/Applications/Unity/Unity.app/Contents/Managed'
Mono path[1] = '/Applications/Unity/Unity.app/Contents/MonoBleedingEdge/lib/mono/unityjit'
Mono config path = '/Applications/Unity/Unity.app/Contents/MonoBleedingEdge/etc'
Using monoOptions --debugger-agent=transport=dt_socket,embedding=1,server=y,suspend=n,address=127.0.0.1:56249
Begin MonoManager ReloadAssembly
Error scanning for extension ivy.xml files: System.UnauthorizedAccessException: Access to the path '/Applications/Unity/PlaybackEngines/WebGLSupport/BuildTools/Emscripten_Mac/node' is denied.
  at System.IO.__Error.WinIOError (System.Int32 errorCode, System.String maybeFullPath) [0x00129] in <695d1cc93cca45069c528c15c9fdd749>:0 
  at System.IO.FileSystemEnumerableIterator`1[TSource].HandleError (System.Int32 hr, System.String path) [0x00006] in <695d1cc93cca45069c528c15c9fdd749>:0 
  at System.IO.FileSystemEnumerableIterator`1[TSource].AddSearchableDirsToStack (System.IO.Directory+SearchData localSearchData) [0x00053] in <695d1cc93cca45069c528c15c9fdd749>:0 
  at System.IO.FileSystemEnumerableIterator`1[TSource].MoveNext () [0x0008e] in <695d1cc93cca45069c528c15c9fdd749>:0 
  at System.Collections.Generic.List`1[T]..ctor (System.Collections.Generic.IEnumerable`1[T] collection) [0x00077] in <695d1cc93cca45069c528c15c9fdd749>:0 
  at System.IO.Directory.InternalGetFileDirectoryNames (System.String path, System.String userPathOriginal, System.String searchPattern, System.Boolean includeFiles, System.Boolean includeDirs, System.IO.SearchOption searchOption, System.Boolean checkHost) [0x0000f] in <695d1cc93cca45069c528c15c9fdd749>:0 
  at System.IO.Directory.InternalGetFiles (System.String path, System.String searchPattern, System.IO.SearchOption searchOption) [0x00000] in <695d1cc93cca45069c528c15c9fdd749>:0 
  at System.IO.Directory.GetFiles (System.String path, System.String searchPattern, System.IO.SearchOption searchOption) [0x00038] in <695d1cc93cca45069c528c15c9fdd749>:0 
  at UnityEditor.Modules.ModuleManager.LoadLegacyExtensionsFromIvyFiles () [0x000a5] in /Users/bokken/buildslave/unity/build/Editor/Mono/Modules/ModuleManager.cs:253 
Registering precompiled unity dll's ...
Register platform support module: /Applications/Unity/PlaybackEngines/WebGLSupport/UnityEditor.WebGL.Extensions.dll
Register platform support module: /Applications/Unity/Unity.app/Contents/PlaybackEngines/MacStandaloneSupport/UnityEditor.OSXStandalone.Extensions.dll
Register platform support module: /Applications/Unity/PlaybackEngines/WindowsStandaloneSupport/UnityEditor.WindowsStandalone.Extensions.dll
Registered in 0.003565 seconds.
Native extension for WindowsStandalone target not found
Native extension for OSXStandalone target not found
Native extension for WebGL target not found
Refreshing native plugins compatible for Editor in 42.65 ms, found 3 plugins.
Preloading 0 native plugins for Editor in 0.00 ms.
Mono: successfully reloaded assembly
- Completed reload, in  2.035 seconds
Domain Reload Profiling:
	ReloadAssembly (2035ms)
		BeginReloadAssembly (51ms)
			ExecutionOrderSort (0ms)
			DisableScriptedObjects (0ms)
			BackupInstance (0ms)
			ReleaseScriptingObjects (0ms)
			CreateAndSetChildDomain (1ms)
		EndReloadAssembly (580ms)
			LoadAssemblies (52ms)
			RebuildTransferFunctionScriptingTraits (0ms)
			SetupTypeCache (214ms)
			ReleaseScriptCaches (0ms)
			RebuildScriptCaches (43ms)
			SetupLoadedEditorAssemblies (231ms)
				LogAssemblyErrors (0ms)
				InitializePlatformSupportModulesInManaged (8ms)
				SetLoadedEditorAssemblies (0ms)
				RefreshPlugins (43ms)
				BeforeProcessingInitializeOnLoad (32ms)
				ProcessInitializeOnLoadAttributes (114ms)
				ProcessInitializeOnLoadMethodAttributes (34ms)
				AfterProcessingInitializeOnLoad (0ms)
				EditorAssembliesLoaded (0ms)
			ExecutionOrderSort2 (0ms)
			AwakeInstancesAfterBackupRestoration (0ms)
Platform modules already initialized, skipping
Registering precompiled user dll's ...
Registered in 0.006312 seconds.
Begin MonoManager ReloadAssembly
Native extension for WindowsStandalone target not found
Native extension for OSXStandalone target not found
Native extension for WebGL target not found
Refreshing native plugins compatible for Editor in 37.55 ms, found 3 plugins.
Preloading 0 native plugins for Editor in 0.00 ms.
Mono: successfully reloaded assembly
- Completed reload, in  1.462 seconds
Domain Reload Profiling:
	ReloadAssembly (1463ms)
		BeginReloadAssembly (183ms)
			ExecutionOrderSort (0ms)
			DisableScriptedObjects (5ms)
			BackupInstance (0ms)
			ReleaseScriptingObjects (0ms)
			CreateAndSetChildDomain (38ms)
		EndReloadAssembly (1206ms)
			LoadAssemblies (131ms)
			RebuildTransferFunctionScriptingTraits (0ms)
			SetupTypeCache (418ms)
			ReleaseScriptCaches (1ms)
			RebuildScriptCaches (64ms)
			SetupLoadedEditorAssemblies (460ms)
				LogAssemblyErrors (0ms)
				InitializePlatformSupportModulesInManaged (5ms)
				SetLoadedEditorAssemblies (0ms)
				RefreshPlugins (38ms)
				BeforeProcessingInitializeOnLoad (75ms)
				ProcessInitializeOnLoadAttributes (327ms)
				ProcessInitializeOnLoadMethodAttributes (14ms)
				AfterProcessingInitializeOnLoad (1ms)
				EditorAssembliesLoaded (0ms)
			ExecutionOrderSort2 (0ms)
			AwakeInstancesAfterBackupRestoration (8ms)
Platform modules already initialized, skipping
========================================================================
Worker process is ready to serve import requests
Launching external process: /Applications/Unity/Unity.app/Contents/Tools/UnityShaderCompiler
Launched and connected shader compiler UnityShaderCompiler after 0.01 seconds
Refreshing native plugins compatible for Editor in 0.78 ms, found 3 plugins.
Preloading 0 native plugins for Editor in 0.00 ms.
Unloading 2091 Unused Serialized files (Serialized files now loaded: 0)
System memory in use before: 171.9 MB.
System memory in use after: 172.0 MB.

Unloading 28 unused Assets to reduce memory usage. Loaded Objects now: 2528.
Total: 5.426918 ms (FindLiveObjects: 0.326958 ms CreateObjectMapping: 0.119757 ms MarkObjects: 4.885505 ms  DeleteObjects: 0.093138 ms)

AssetImportParameters requested are different than current active one (requested -> active):
  custom:video-decoder-ogg-theora: a1e56fd34408186e4bbccfd4996cb3dc -> 
  custom:container-muxer-webm: aa71ff27fc2769a1b78a27578f13a17b -> 
  custom:container-demuxer-webm: 4f35f7cbe854078d1ac9338744f61a02 -> 
  custom:container-demuxer-ogg: 62fdf1f143b41e24485cea50d1cbac27 -> 
  custom:video-encoder-webm-vp8: eb34c28f22e8b96e1ab97ce403110664 -> 
  custom:framework-osx-AVFoundation: e770b220cccbd017edd2c1fefb359320 -> 
  custom:video-decoder-webm-vp8: 9c59270c3fd7afecdb556c50c9e8de78 -> 
  custom:audio-decoder-ogg-vorbis: bf7c407c2cedff20999df2af8eb42d56 -> 
  custom:audio-encoder-webm-vorbis: bf7c407c2cedff20999df2af8eb42d56 -> 
========================================================================
Received Import Request.
  path: Assets/Tile2.png
  artifactKey: Guid(9d44864894f554bdab54ca550e1507a8) Importer(815301076,1909f56bfc062723c751e8b465ee728b)
Start importing Assets/Tile2.png using Guid(9d44864894f554bdab54ca550e1507a8) Importer(815301076,1909f56bfc062723c751e8b465ee728b)  -> (artifact id: '8d82044108d56f47bf9a9f59ccfd1af8') in 1.599793 seconds 
  Import took 1.604046 seconds .

========================================================================
Received Import Request.
  Time since last request: 0.000751 seconds.
  path: Assets/Tile1.png
  artifactKey: Guid(7c15f4cddc6c74adfa64c7690e863328) Importer(815301076,1909f56bfc062723c751e8b465ee728b)
Start importing Assets/Tile1.png using Guid(7c15f4cddc6c74adfa64c7690e863328) Importer(815301076,1909f56bfc062723c751e8b465ee728b)  -> (artifact id: '649bb8a8cffa543976197f9fb2151f60') in 0.009645 seconds 
  Import took 0.013940 seconds .

========================================================================
Received Import Request.
  Time since last request: 32.245888 seconds.
  path: Assets/GroundTiles.prefab
  artifactKey: Guid(1fda08011677d45209c681fb0d76b6c4) Importer(815301076,1909f56bfc062723c751e8b465ee728b)
Start importing Assets/GroundTiles.prefab using Guid(1fda08011677d45209c681fb0d76b6c4) Importer(815301076,1909f56bfc062723c751e8b465ee728b)  -> (artifact id: '4f9afa1ceb4e2413e9429d17f0dd492b') in 1.517902 seconds 
  Import took 1.523379 seconds .

========================================================================
Received Import Request.
  Time since last request: 28.048448 seconds.
  path: Assets/Tile1.png
  artifactKey: Guid(7c15f4cddc6c74adfa64c7690e863328) Importer(815301076,1909f56bfc062723c751e8b465ee728b)
Start importing Assets/Tile1.png using Guid(7c15f4cddc6c74adfa64c7690e863328) Importer(815301076,1909f56bfc062723c751e8b465ee728b)  -> (artifact id: '21e2fc4012fcf088b3cfede199f7cb0e') in 0.020272 seconds 
  Import took 0.027813 seconds .

========================================================================
Received Import Request.
  Time since last request: 6.756484 seconds.
  path: Assets/Tile2.png
  artifactKey: Guid(9d44864894f554bdab54ca550e1507a8) Importer(815301076,1909f56bfc062723c751e8b465ee728b)
Start importing Assets/Tile2.png using Guid(9d44864894f554bdab54ca550e1507a8) Importer(815301076,1909f56bfc062723c751e8b465ee728b)  -> (artifact id: '971ee9efd98e6be11785f41255a61702') in 0.017891 seconds 
  Import took 0.026641 seconds .

========================================================================
Received Import Request.
  Time since last request: 7.154827 seconds.
  path: Assets/GroundTiles.prefab
  artifactKey: Guid(1fda08011677d45209c681fb0d76b6c4) Importer(815301076,1909f56bfc062723c751e8b465ee728b)
Start importing Assets/GroundTiles.prefab using Guid(1fda08011677d45209c681fb0d76b6c4) Importer(815301076,1909f56bfc062723c751e8b465ee728b)  -> (artifact id: '7a632816f686b96ee605e33ac2f192bf') in 0.023905 seconds 
  Import took 0.027519 seconds .

========================================================================
Received Import Request.
  Time since last request: 0.000202 seconds.
  path: Assets/Tile1.asset
  artifactKey: Guid(3f6d244a2f2064462860e85f5fa3242b) Importer(815301076,1909f56bfc062723c751e8b465ee728b)
Start importing Assets/Tile1.asset using Guid(3f6d244a2f2064462860e85f5fa3242b) Importer(815301076,1909f56bfc062723c751e8b465ee728b)  -> (artifact id: '93b67a88dc81deafa3fdbdc938fe04c1') in 0.346257 seconds 
  Import took 0.350391 seconds .

========================================================================
Received Import Request.
  Time since last request: 19.859403 seconds.
  path: Assets/GroundTiles.prefab
  artifactKey: Guid(1fda08011677d45209c681fb0d76b6c4) Importer(815301076,1909f56bfc062723c751e8b465ee728b)
Start importing Assets/GroundTiles.prefab using Guid(1fda08011677d45209c681fb0d76b6c4) Importer(815301076,1909f56bfc062723c751e8b465ee728b)  -> (artifact id: '0d969b9c39d5ee7a67938d38763ab414') in 0.013161 seconds 
  Import took 0.018213 seconds .

========================================================================
Received Import Request.
  Time since last request: 0.000226 seconds.
  path: Assets/Tile2.asset
  artifactKey: Guid(1452c7e127fbc4249a051b12b54f0014) Importer(815301076,1909f56bfc062723c751e8b465ee728b)
Start importing Assets/Tile2.asset using Guid(1452c7e127fbc4249a051b12b54f0014) Importer(815301076,1909f56bfc062723c751e8b465ee728b)  -> (artifact id: '0261859e0c12dd44588648eab2e82d49') in 0.007340 seconds 
  Import took 0.011535 seconds .

========================================================================
Received Import Request.
  Time since last request: 349.981589 seconds.
  path: ProjectSettings/TagManager.asset
  artifactKey: Guid(00000000000000003000000000000000) Importer(815301076,1909f56bfc062723c751e8b465ee728b)
Start importing ProjectSettings/TagManager.asset using Guid(00000000000000003000000000000000) Importer(815301076,1909f56bfc062723c751e8b465ee728b)  -> (artifact id: '95df672b4aaba54310d34c83eef51bb8') in 0.042614 seconds 
  Import took 0.153169 seconds .

========================================================================
Received Import Request.
  Time since last request: 423.687676 seconds.
  path: Assets/PlayerMovementGrid.cs
  artifactKey: Guid(15539fd5cb828459fb084b1886de7466) Importer(815301076,1909f56bfc062723c751e8b465ee728b)
Start importing Assets/PlayerMovementGrid.cs using Guid(15539fd5cb828459fb084b1886de7466) Importer(815301076,1909f56bfc062723c751e8b465ee728b)  -> (artifact id: 'feaded1732d1db8001e60ed79695271b') in 3.251788 seconds 
  Import took 3.263557 seconds .

========================================================================
Received Prepare
Registering precompiled user dll's ...
Registered in 0.003902 seconds.
Begin MonoManager ReloadAssembly
Native extension for WindowsStandalone target not found
Native extension for OSXStandalone target not found
Native extension for WebGL target not found
Refreshing native plugins compatible for Editor in 0.51 ms, found 3 plugins.
Preloading 0 native plugins for Editor in 0.00 ms.
Mono: successfully reloaded assembly
- Completed reload, in  1.435 seconds
Domain Reload Profiling:
	ReloadAssembly (1441ms)
		BeginReloadAssembly (269ms)
			ExecutionOrderSort (0ms)
			DisableScriptedObjects (13ms)
			BackupInstance (0ms)
			ReleaseScriptingObjects (0ms)
			CreateAndSetChildDomain (174ms)
		EndReloadAssembly (1092ms)
			LoadAssemblies (95ms)
			RebuildTransferFunctionScriptingTraits (0ms)
			SetupTypeCache (403ms)
			ReleaseScriptCaches (1ms)
			RebuildScriptCaches (58ms)
			SetupLoadedEditorAssemblies (403ms)
				LogAssemblyErrors (0ms)
				InitializePlatformSupportModulesInManaged (9ms)
				SetLoadedEditorAssemblies (1ms)
				RefreshPlugins (1ms)
				BeforeProcessingInitializeOnLoad (80ms)
				ProcessInitializeOnLoadAttributes (305ms)
				ProcessInitializeOnLoadMethodAttributes (7ms)
				AfterProcessingInitializeOnLoad (1ms)
				EditorAssembliesLoaded (0ms)
			ExecutionOrderSort2 (0ms)
			AwakeInstancesAfterBackupRestoration (12ms)
Platform modules already initialized, skipping
Refreshing native plugins compatible for Editor in 0.44 ms, found 3 plugins.
Preloading 0 native plugins for Editor in 0.00 ms.
Unloading 2095 Unused Serialized files (Serialized files now loaded: 0)
System memory in use before: 194.3 MB.
System memory in use after: 193.8 MB.

Unloading 30 unused Assets to reduce memory usage. Loaded Objects now: 2544.
Total: 3.578865 ms (FindLiveObjects: 0.222859 ms CreateObjectMapping: 0.070284 ms MarkObjects: 2.992933 ms  DeleteObjects: 0.291748 ms)

AssetImportParameters requested are different than current active one (requested -> active):
  custom:video-decoder-ogg-theora: a1e56fd34408186e4bbccfd4996cb3dc -> 
  custom:container-muxer-webm: aa71ff27fc2769a1b78a27578f13a17b -> 
  custom:container-demuxer-webm: 4f35f7cbe854078d1ac9338744f61a02 -> 
  custom:container-demuxer-ogg: 62fdf1f143b41e24485cea50d1cbac27 -> 
  custom:video-encoder-webm-vp8: eb34c28f22e8b96e1ab97ce403110664 -> 
  custom:framework-osx-AVFoundation: e770b220cccbd017edd2c1fefb359320 -> 
  custom:video-decoder-webm-vp8: 9c59270c3fd7afecdb556c50c9e8de78 -> 
  custom:audio-decoder-ogg-vorbis: bf7c407c2cedff20999df2af8eb42d56 -> 
  custom:audio-encoder-webm-vorbis: bf7c407c2cedff20999df2af8eb42d56 -> 
AssetImportWorkerClient::OnTransportError - code=2 error=End of file
