Using pre-set license

 COMMAND LINE ARGUMENTS:
/Applications/Unity/Hub/Editor/2020.3.16f1/Unity.app/Contents/MacOS/Unity
-adb2
-batchMode
-noUpm
-name
AssetImportWorker2
-projectPath
/Volumes/Projects/UnityProjects/Jester Game Proto/JesterGameProto/JesterGameProto
-logFile
Logs/AssetImportWorker2.log
-srvPort
53221
Successfully changed project path to: /Volumes/Projects/UnityProjects/Jester Game Proto/JesterGameProto/JesterGameProto
/Volumes/Projects/UnityProjects/Jester Game Proto/JesterGameProto/JesterGameProto
Using Asset Import Pipeline V2.
Refreshing native plugins compatible for Editor in 58.53 ms, found 3 plugins.
Preloading 0 native plugins for Editor in 0.00 ms.
Initialize engine version: 2020.3.16f1 (049d6eca3c44)
[Subsystems] Discovering subsystems at path /Applications/Unity/Hub/Editor/2020.3.16f1/Unity.app/Contents/Resources/UnitySubsystems
[Subsystems] Discovering subsystems at path /Volumes/Projects/UnityProjects/Jester Game Proto/JesterGameProto/JesterGameProto/Assets
GfxDevice: creating device client; threaded=0
2021-12-20 12:14:56.068 Unity[82355:3785369] Cintiq 22 preferred device: AMD Radeon RX 580 (high power, removable)
2021-12-20 12:14:56.068 Unity[82355:3785369] Metal devices available: 2
2021-12-20 12:14:56.068 Unity[82355:3785369] 0: AMD Radeon RX 580 (high power, removable)
2021-12-20 12:14:56.068 Unity[82355:3785369] 1: Intel(R) UHD Graphics 630 (low power)
2021-12-20 12:14:56.068 Unity[82355:3785369] Using device AMD Radeon RX 580 (high power, removable)
Initializing Metal device caps: AMD Radeon RX 580
Shader 'Universal Render Pipeline/Particles/Lit': fallback shader 'Universal Render Pipeline/Particles/SimpleLit' not found
Initialize mono
Mono path[0] = '/Applications/Unity/Hub/Editor/2020.3.16f1/Unity.app/Contents/Managed'
Mono path[1] = '/Applications/Unity/Hub/Editor/2020.3.16f1/Unity.app/Contents/MonoBleedingEdge/lib/mono/unityjit'
Mono config path = '/Applications/Unity/Hub/Editor/2020.3.16f1/Unity.app/Contents/MonoBleedingEdge/etc'
Using monoOptions --debugger-agent=transport=dt_socket,embedding=1,server=y,suspend=n,address=127.0.0.1:56355
Begin MonoManager ReloadAssembly
Registering precompiled unity dll's ...
Register platform support module: /Applications/Unity/Hub/Editor/2020.3.16f1/PlaybackEngines/WebGLSupport/UnityEditor.WebGL.Extensions.dll
Register platform support module: /Applications/Unity/Hub/Editor/2020.3.16f1/Unity.app/Contents/PlaybackEngines/MacStandaloneSupport/UnityEditor.OSXStandalone.Extensions.dll
Register platform support module: /Applications/Unity/Hub/Editor/2020.3.16f1/PlaybackEngines/WindowsStandaloneSupport/UnityEditor.WindowsStandalone.Extensions.dll
Registered in 0.003225 seconds.
Native extension for WindowsStandalone target not found
Native extension for OSXStandalone target not found
Native extension for WebGL target not found
Refreshing native plugins compatible for Editor in 55.58 ms, found 3 plugins.
Preloading 0 native plugins for Editor in 0.00 ms.
Mono: successfully reloaded assembly
- Completed reload, in  4.052 seconds
Domain Reload Profiling:
	ReloadAssembly (4052ms)
		BeginReloadAssembly (49ms)
			ExecutionOrderSort (0ms)
			DisableScriptedObjects (0ms)
			BackupInstance (0ms)
			ReleaseScriptingObjects (0ms)
			CreateAndSetChildDomain (1ms)
		EndReloadAssembly (518ms)
			LoadAssemblies (51ms)
			RebuildTransferFunctionScriptingTraits (0ms)
			SetupTypeCache (191ms)
			ReleaseScriptCaches (0ms)
			RebuildScriptCaches (41ms)
			SetupLoadedEditorAssemblies (225ms)
				LogAssemblyErrors (0ms)
				InitializePlatformSupportModulesInManaged (5ms)
				SetLoadedEditorAssemblies (0ms)
				RefreshPlugins (56ms)
				BeforeProcessingInitializeOnLoad (30ms)
				ProcessInitializeOnLoadAttributes (104ms)
				ProcessInitializeOnLoadMethodAttributes (30ms)
				AfterProcessingInitializeOnLoad (0ms)
				EditorAssembliesLoaded (0ms)
			ExecutionOrderSort2 (0ms)
			AwakeInstancesAfterBackupRestoration (0ms)
Platform modules already initialized, skipping
Registering precompiled user dll's ...
Registered in 0.006405 seconds.
Begin MonoManager ReloadAssembly
Native extension for WindowsStandalone target not found
Native extension for OSXStandalone target not found
Native extension for WebGL target not found
Refreshing native plugins compatible for Editor in 54.50 ms, found 3 plugins.
Preloading 0 native plugins for Editor in 0.00 ms.
Mono: successfully reloaded assembly
- Completed reload, in  1.460 seconds
Domain Reload Profiling:
	ReloadAssembly (1461ms)
		BeginReloadAssembly (169ms)
			ExecutionOrderSort (0ms)
			DisableScriptedObjects (5ms)
			BackupInstance (0ms)
			ReleaseScriptingObjects (0ms)
			CreateAndSetChildDomain (32ms)
		EndReloadAssembly (1219ms)
			LoadAssemblies (126ms)
			RebuildTransferFunctionScriptingTraits (0ms)
			SetupTypeCache (401ms)
			ReleaseScriptCaches (1ms)
			RebuildScriptCaches (69ms)
			SetupLoadedEditorAssemblies (490ms)
				LogAssemblyErrors (0ms)
				InitializePlatformSupportModulesInManaged (5ms)
				SetLoadedEditorAssemblies (0ms)
				RefreshPlugins (55ms)
				BeforeProcessingInitializeOnLoad (91ms)
				ProcessInitializeOnLoadAttributes (324ms)
				ProcessInitializeOnLoadMethodAttributes (15ms)
				AfterProcessingInitializeOnLoad (1ms)
				EditorAssembliesLoaded (0ms)
			ExecutionOrderSort2 (0ms)
			AwakeInstancesAfterBackupRestoration (7ms)
Platform modules already initialized, skipping
========================================================================
Worker process is ready to serve import requests
Shader 'Universal Render Pipeline/Particles/Lit': fallback shader 'Universal Render Pipeline/Particles/SimpleLit' not found
Launching external process: /Applications/Unity/Hub/Editor/2020.3.16f1/Unity.app/Contents/Tools/UnityShaderCompiler
Launched and connected shader compiler UnityShaderCompiler after 0.12 seconds
Refreshing native plugins compatible for Editor in 0.55 ms, found 3 plugins.
Preloading 0 native plugins for Editor in 0.00 ms.
Unloading 3213 Unused Serialized files (Serialized files now loaded: 0)
System memory in use before: 231.0 MB.
System memory in use after: 231.2 MB.

Unloading 29 unused Assets to reduce memory usage. Loaded Objects now: 3653.
Total: 3.626649 ms (FindLiveObjects: 0.277977 ms CreateObjectMapping: 0.122165 ms MarkObjects: 3.154620 ms  DeleteObjects: 0.071121 ms)

AssetImportParameters requested are different than current active one (requested -> active):
  custom:video-decoder-ogg-theora: a1e56fd34408186e4bbccfd4996cb3dc -> 
  custom:container-muxer-webm: aa71ff27fc2769a1b78a27578f13a17b -> 
  custom:container-demuxer-webm: 4f35f7cbe854078d1ac9338744f61a02 -> 
  custom:container-demuxer-ogg: 62fdf1f143b41e24485cea50d1cbac27 -> 
  custom:video-encoder-webm-vp8: eb34c28f22e8b96e1ab97ce403110664 -> 
  custom:framework-osx-AVFoundation: e770b220cccbd017edd2c1fefb359320 -> 
  custom:video-decoder-webm-vp8: 9c59270c3fd7afecdb556c50c9e8de78 -> 
  custom:audio-decoder-ogg-vorbis: bf7c407c2cedff20999df2af8eb42d56 -> 
  custom:audio-encoder-webm-vorbis: bf7c407c2cedff20999df2af8eb42d56 -> 
========================================================================
Received Import Request.
  path: Assets/Scenes/SampleScene.unity
  artifactKey: Guid(2cda990e2423bbf4892e6590ba056729) Importer(815301076,1909f56bfc062723c751e8b465ee728b)
Start importing Assets/Scenes/SampleScene.unity using Guid(2cda990e2423bbf4892e6590ba056729) Importer(815301076,1909f56bfc062723c751e8b465ee728b)  -> (artifact id: '959bcd953351e9c5a7810ccb1b3618ea') in 0.013756 seconds 
  Import took 0.019055 seconds .

========================================================================
Received Import Request.
  Time since last request: 0.001372 seconds.
  path: Assets/Scenes/SampleScene.unity
  artifactKey: Guid(2cda990e2423bbf4892e6590ba056729) Importer(815301076,1909f56bfc062723c751e8b465ee728b)
Start importing Assets/Scenes/SampleScene.unity using Guid(2cda990e2423bbf4892e6590ba056729) Importer(815301076,1909f56bfc062723c751e8b465ee728b)  -> (artifact id: '959bcd953351e9c5a7810ccb1b3618ea') in 0.001674 seconds 
  Import took 0.006401 seconds .

========================================================================
Received Prepare
Shader 'Universal Render Pipeline/Particles/Lit': fallback shader 'Universal Render Pipeline/Particles/SimpleLit' not found
Refreshing native plugins compatible for Editor in 2.43 ms, found 3 plugins.
Preloading 0 native plugins for Editor in 0.00 ms.
Unloading 15 Unused Serialized files (Serialized files now loaded: 0)
System memory in use before: 161.0 MB.
System memory in use after: 161.2 MB.

Unloading 15 unused Assets to reduce memory usage. Loaded Objects now: 3653.
Total: 4.065634 ms (FindLiveObjects: 0.273332 ms CreateObjectMapping: 0.135329 ms MarkObjects: 3.637585 ms  DeleteObjects: 0.017439 ms)

AssetImportParameters requested are different than current active one (requested -> active):
  custom:video-decoder-ogg-theora: a1e56fd34408186e4bbccfd4996cb3dc -> 
  custom:container-muxer-webm: aa71ff27fc2769a1b78a27578f13a17b -> 
  custom:container-demuxer-webm: 4f35f7cbe854078d1ac9338744f61a02 -> 
  custom:container-demuxer-ogg: 62fdf1f143b41e24485cea50d1cbac27 -> 
  custom:video-encoder-webm-vp8: eb34c28f22e8b96e1ab97ce403110664 -> 
  custom:framework-osx-AVFoundation: e770b220cccbd017edd2c1fefb359320 -> 
  custom:video-decoder-webm-vp8: 9c59270c3fd7afecdb556c50c9e8de78 -> 
  custom:audio-decoder-ogg-vorbis: bf7c407c2cedff20999df2af8eb42d56 -> 
  custom:audio-encoder-webm-vorbis: bf7c407c2cedff20999df2af8eb42d56 -> 
========================================================================
Received Import Request.
  Time since last request: 480.507698 seconds.
  path: Assets/TextMesh Pro/Fonts/LiberationSans.ttf
  artifactKey: Guid(e3265ab4bf004d28a9537516768c1c75) Importer(815301076,1909f56bfc062723c751e8b465ee728b)
Start importing Assets/TextMesh Pro/Fonts/LiberationSans.ttf using Guid(e3265ab4bf004d28a9537516768c1c75) Importer(815301076,1909f56bfc062723c751e8b465ee728b)  -> (artifact id: '246556da8ee308a88cd64dac11bb5e10') in 1.608705 seconds 
  Import took 1.613917 seconds .

========================================================================
Received Import Request.
  Time since last request: 1.238543 seconds.
  path: Assets/TextMesh Pro/Resources/TMP Settings.asset
  artifactKey: Guid(3f5b5dff67a942289a9defa416b206f3) Importer(815301076,1909f56bfc062723c751e8b465ee728b)
Start importing Assets/TextMesh Pro/Resources/TMP Settings.asset using Guid(3f5b5dff67a942289a9defa416b206f3) Importer(815301076,1909f56bfc062723c751e8b465ee728b)  -> (artifact id: '80217e6c75f9d2e4957cbc8093faaf48') in 0.992049 seconds 
  Import took 0.996998 seconds .

========================================================================
Received Import Request.
  Time since last request: 3.041163 seconds.
  path: Assets/TextMesh Pro/Resources/Fonts & Materials/LiberationSans SDF - Drop Shadow.mat
  artifactKey: Guid(e73a58f6e2794ae7b1b7e50b7fb811b0) Importer(815301076,1909f56bfc062723c751e8b465ee728b)
Start importing Assets/TextMesh Pro/Resources/Fonts & Materials/LiberationSans SDF - Drop Shadow.mat using Guid(e73a58f6e2794ae7b1b7e50b7fb811b0) Importer(815301076,1909f56bfc062723c751e8b465ee728b)  -> (artifact id: 'ca0d2861f60500f05bd29199894f7bb5') in 0.370856 seconds 
  Import took 0.375429 seconds .

========================================================================
Received Import Request.
  Time since last request: 0.000186 seconds.
  path: Assets/TextMesh Pro/Resources/Fonts & Materials/LiberationSans SDF - Fallback.asset
  artifactKey: Guid(2e498d1c8094910479dc3e1b768306a4) Importer(815301076,1909f56bfc062723c751e8b465ee728b)
Start importing Assets/TextMesh Pro/Resources/Fonts & Materials/LiberationSans SDF - Fallback.asset using Guid(2e498d1c8094910479dc3e1b768306a4) Importer(815301076,1909f56bfc062723c751e8b465ee728b)  -> (artifact id: '824048c16fe023a8029ad6b289255227') in 0.013306 seconds 
  Import took 0.017738 seconds .

========================================================================
Received Import Request.
  Time since last request: 0.000181 seconds.
  path: Assets/TextMesh Pro/Resources/Fonts & Materials/LiberationSans SDF - Outline.mat
  artifactKey: Guid(79459efec17a4d00a321bdcc27bbc385) Importer(815301076,1909f56bfc062723c751e8b465ee728b)
Start importing Assets/TextMesh Pro/Resources/Fonts & Materials/LiberationSans SDF - Outline.mat using Guid(79459efec17a4d00a321bdcc27bbc385) Importer(815301076,1909f56bfc062723c751e8b465ee728b)  -> (artifact id: '289988fcecf3b00d1602f8d2b589f7dd') in 0.075994 seconds 
  Import took 0.080475 seconds .

========================================================================
Received Import Request.
  Time since last request: 0.000181 seconds.
  path: Assets/TextMesh Pro/Resources/Fonts & Materials/LiberationSans SDF - Fallback.asset
  artifactKey: Guid(2e498d1c8094910479dc3e1b768306a4) Importer(815301076,1909f56bfc062723c751e8b465ee728b)
Start importing Assets/TextMesh Pro/Resources/Fonts & Materials/LiberationSans SDF - Fallback.asset using Guid(2e498d1c8094910479dc3e1b768306a4) Importer(815301076,1909f56bfc062723c751e8b465ee728b)  -> (artifact id: '824048c16fe023a8029ad6b289255227') in 0.011513 seconds 
  Import took 0.016319 seconds .

========================================================================
Received Import Request.
  Time since last request: 2.423615 seconds.
  path: Assets/TextMesh Pro/Resources/Sprite Assets/EmojiOne.asset
  artifactKey: Guid(c41005c129ba4d66911b75229fd70b45) Importer(815301076,1909f56bfc062723c751e8b465ee728b)
Start importing Assets/TextMesh Pro/Resources/Sprite Assets/EmojiOne.asset using Guid(c41005c129ba4d66911b75229fd70b45) Importer(815301076,1909f56bfc062723c751e8b465ee728b)  -> (artifact id: '093a2cdfc4701742cd4e2e9653a3929b') in 0.006898 seconds 
  Import took 0.011732 seconds .

========================================================================
Received Import Request.
  Time since last request: 0.663111 seconds.
  path: Assets/TextMesh Pro/Resources/Style Sheets/Default Style Sheet.asset
  artifactKey: Guid(f952c082cb03451daed3ee968ac6c63e) Importer(815301076,1909f56bfc062723c751e8b465ee728b)
Start importing Assets/TextMesh Pro/Resources/Style Sheets/Default Style Sheet.asset using Guid(f952c082cb03451daed3ee968ac6c63e) Importer(815301076,1909f56bfc062723c751e8b465ee728b)  -> (artifact id: '99846f5a5cef2b9fb3476a6a84d35918') in 0.002827 seconds 
  Import took 0.007682 seconds .

========================================================================
Received Import Request.
  Time since last request: 4.523965 seconds.
  path: Assets/TextMesh Pro/Sprites/EmojiOne.png
  artifactKey: Guid(dffef66376be4fa480fb02b19edbe903) Importer(815301076,1909f56bfc062723c751e8b465ee728b)
Start importing Assets/TextMesh Pro/Sprites/EmojiOne.png using Guid(dffef66376be4fa480fb02b19edbe903) Importer(815301076,1909f56bfc062723c751e8b465ee728b)  -> (artifact id: '1bdbab79574d9199534a6046307e1746') in 0.860812 seconds 
  Import took 0.866215 seconds .

========================================================================
Received Import Request.
  Time since last request: 6.200554 seconds.
  path: Assets/Sprite Assets/CrystalAttack_Spritesheet.png
  artifactKey: Guid(d58a8b950feb0774180ba296b6d3f7c6) Importer(815301076,1909f56bfc062723c751e8b465ee728b)
Start importing Assets/Sprite Assets/CrystalAttack_Spritesheet.png using Guid(d58a8b950feb0774180ba296b6d3f7c6) Importer(815301076,1909f56bfc062723c751e8b465ee728b)  -> (artifact id: 'c2a5f4cdc35388ffb56a0700f67bda3e') in 0.037652 seconds 
  Import took 0.042842 seconds .

========================================================================
Received Import Request.
  Time since last request: 0.000166 seconds.
  path: Assets/Sprite Assets/First level Mock up SpriteSheet.png
  artifactKey: Guid(b1b1e1a7da6e55f47bc34c4f3dd830ee) Importer(815301076,1909f56bfc062723c751e8b465ee728b)
Start importing Assets/Sprite Assets/First level Mock up SpriteSheet.png using Guid(b1b1e1a7da6e55f47bc34c4f3dd830ee) Importer(815301076,1909f56bfc062723c751e8b465ee728b)  -> (artifact id: '06e92f4ecae4b8b9820ff105f430e94a') in 0.205137 seconds 
  Import took 0.209201 seconds .

========================================================================
Received Import Request.
  Time since last request: 6.440437 seconds.
  path: Assets/Tilemaps/Tiles/GroundTiles/GroundTiles.prefab
  artifactKey: Guid(1fda08011677d45209c681fb0d76b6c4) Importer(815301076,1909f56bfc062723c751e8b465ee728b)
Start importing Assets/Tilemaps/Tiles/GroundTiles/GroundTiles.prefab using Guid(1fda08011677d45209c681fb0d76b6c4) Importer(815301076,1909f56bfc062723c751e8b465ee728b)  -> (artifact id: '0d969b9c39d5ee7a67938d38763ab414') in 0.170652 seconds 
  Import took 0.175885 seconds .

========================================================================
Received Import Request.
  Time since last request: 0.000198 seconds.
  path: Assets/Tilemaps/Tiles/GroundTiles/Tile2.png
  artifactKey: Guid(9d44864894f554bdab54ca550e1507a8) Importer(815301076,1909f56bfc062723c751e8b465ee728b)
Start importing Assets/Tilemaps/Tiles/GroundTiles/Tile2.png using Guid(9d44864894f554bdab54ca550e1507a8) Importer(815301076,1909f56bfc062723c751e8b465ee728b)  -> (artifact id: 'eb291cb7115a2e12728158bff21a34f8') in 0.009157 seconds 
  Import took 0.013422 seconds .

========================================================================
Received Import Request.
  Time since last request: 0.000147 seconds.
  path: Assets/Tilemaps/Tiles/GroundTiles/Tile2.asset
  artifactKey: Guid(1452c7e127fbc4249a051b12b54f0014) Importer(815301076,1909f56bfc062723c751e8b465ee728b)
Start importing Assets/Tilemaps/Tiles/GroundTiles/Tile2.asset using Guid(1452c7e127fbc4249a051b12b54f0014) Importer(815301076,1909f56bfc062723c751e8b465ee728b)  -> (artifact id: '0261859e0c12dd44588648eab2e82d49') in 0.015923 seconds 
  Import took 0.021102 seconds .

========================================================================
Received Import Request.
  Time since last request: 0.000167 seconds.
  path: Assets/Tilemaps/Tiles/GroundTiles/Tile1.asset
  artifactKey: Guid(3f6d244a2f2064462860e85f5fa3242b) Importer(815301076,1909f56bfc062723c751e8b465ee728b)
Start importing Assets/Tilemaps/Tiles/GroundTiles/Tile1.asset using Guid(3f6d244a2f2064462860e85f5fa3242b) Importer(815301076,1909f56bfc062723c751e8b465ee728b)  -> (artifact id: '93b67a88dc81deafa3fdbdc938fe04c1') in 0.008601 seconds 
  Import took 0.013271 seconds .

========================================================================
Received Import Request.
  Time since last request: 0.000179 seconds.
  path: Assets/Tilemaps/Tiles/GroundTiles/Tile1.png
  artifactKey: Guid(7c15f4cddc6c74adfa64c7690e863328) Importer(815301076,1909f56bfc062723c751e8b465ee728b)
Start importing Assets/Tilemaps/Tiles/GroundTiles/Tile1.png using Guid(7c15f4cddc6c74adfa64c7690e863328) Importer(815301076,1909f56bfc062723c751e8b465ee728b)  -> (artifact id: 'e8b0962567705d13f6703ca27b62f072') in 0.008078 seconds 
  Import took 0.012409 seconds .

========================================================================
Received Import Request.
  Time since last request: 9.369992 seconds.
  path: Assets/Prefabs/Player.prefab
  artifactKey: Guid(aaf3a554169b4415c9d974f40387431b) Importer(815301076,1909f56bfc062723c751e8b465ee728b)
Start importing Assets/Prefabs/Player.prefab using Guid(aaf3a554169b4415c9d974f40387431b) Importer(815301076,1909f56bfc062723c751e8b465ee728b)  -> (artifact id: '6a94d8f92f56612ceabf00ec2a4ca888') in 0.112762 seconds 
  Import took 0.117888 seconds .

========================================================================
Received Import Request.
  Time since last request: 0.000184 seconds.
  path: Assets/Prefabs/Player2.prefab
  artifactKey: Guid(b89dd4755b2bc4e0da8c1a5d356e7b52) Importer(815301076,1909f56bfc062723c751e8b465ee728b)
Start importing Assets/Prefabs/Player2.prefab using Guid(b89dd4755b2bc4e0da8c1a5d356e7b52) Importer(815301076,1909f56bfc062723c751e8b465ee728b)  -> (artifact id: '11d2a859d20d2b60eef4fb566d0d23fb') in 0.078567 seconds 
  Import took 0.083015 seconds .

========================================================================
Received Import Request.
  Time since last request: 1.160563 seconds.
  path: Assets/PlaceholderGraphics/ForceField_Full_Asset.png
  artifactKey: Guid(457c27c5494414c56adbf43d8a4f7a16) Importer(815301076,1909f56bfc062723c751e8b465ee728b)
Start importing Assets/PlaceholderGraphics/ForceField_Full_Asset.png using Guid(457c27c5494414c56adbf43d8a4f7a16) Importer(815301076,1909f56bfc062723c751e8b465ee728b)  -> (artifact id: '309dc496d163803b2abea32d1fadbcd1') in 0.015002 seconds 
  Import took 0.019544 seconds .

========================================================================
Received Import Request.
  Time since last request: 2.143437 seconds.
  path: Assets/Fonts/Bangers-Regular SDF - Outline.mat
  artifactKey: Guid(fdbc622863e16d14ea3fd6ee30795181) Importer(815301076,1909f56bfc062723c751e8b465ee728b)
Start importing Assets/Fonts/Bangers-Regular SDF - Outline.mat using Guid(fdbc622863e16d14ea3fd6ee30795181) Importer(815301076,1909f56bfc062723c751e8b465ee728b)  -> (artifact id: '87e781b7eb9d676a8d6c72959a9a45e1') in 0.238868 seconds 
  Import took 0.243834 seconds .

========================================================================
Received Import Request.
  Time since last request: 0.000280 seconds.
  path: Assets/Fonts/Bangers-Regular.ttf
  artifactKey: Guid(473a2d48ad2a84579bbb628e7df30019) Importer(815301076,1909f56bfc062723c751e8b465ee728b)
Start importing Assets/Fonts/Bangers-Regular.ttf using Guid(473a2d48ad2a84579bbb628e7df30019) Importer(815301076,1909f56bfc062723c751e8b465ee728b)  -> (artifact id: '2e342ba8faf6ae067f25ebe96a201dd3') in 0.011976 seconds 
  Import took 0.017092 seconds .

